<?xml version="1.0" encoding="UTF-8"?>
<!-- Generated by org.testng.reporters.JUnitXMLReporter -->
<testsuite ignored="1" hostname="Vishwanath-Naik" failures="0" tests="3" name="Test" time="0.113" errors="0" timestamp="2023-02-27T12:52:06 IST">
  <testcase classname="TestNg_Practice.practice" name="test" time="0.01"/>
  <testcase classname="TestNg_Practice.practice" name="test3" time="0.003"/>
  <testcase classname="TestNg_Practice.practice2" name="test5" time="0.002"/>
  <testcase classname="TestNg_Practice.practice" name="test2" time="0.0">
    <ignored/>
  </testcase> <!-- test2 -->
</testsuite> <!-- Test -->
